WhatsApp_exercise/app/build/outputs/logs/manifest-merger-debug-report.txt
-- Merging decision tree log ---
manifest
ADDED from src\main\AndroidManifest.xml:2:1-50:12
INJECTED from src\main\AndroidManifest.xml:2:1-50:12
INJECTED from src\main\AndroidManifest.xml:2:1-50:12
INJECTED from src\main\AndroidManifest.xml:2:1-50:12
INJECTED from src\main\AndroidManifest.xml:2:1-50:12
INJECTED from src\main\AndroidManifest.xml:2:1-50:12
INJECTED from src\main\AndroidManifest.xml:2:1-50:12
	package
		ADDED from src\main\AndroidManifest.xml:3:11-37
		INJECTED from src\main\AndroidManifest.xml
		INJECTED from src\main\AndroidManifest.xml
	android:versionName
		ADDED from src\main\AndroidManifest.xml:5:11-36
		INJECTED from src\main\AndroidManifest.xml
		INJECTED from src\main\AndroidManifest.xml
	xmlns:android
		ADDED from src\main\AndroidManifest.xml:2:11-69
	android:versionCode
		ADDED from src\main\AndroidManifest.xml:4:11-34
		INJECTED from src\main\AndroidManifest.xml
		INJECTED from src\main\AndroidManifest.xml
uses-sdk
ADDED from src\main\AndroidManifest.xml:7:6-9:40
INJECTED from src\main\AndroidManifest.xml:7:6-9:40
INJECTED from src\main\AndroidManifest.xml:7:6-9:40
INJECTED from src\main\AndroidManifest.xml:7:6-9:40
INJECTED from src\main\AndroidManifest.xml:7:6-9:40
	android:maxSdkVersion
		ADDED from src\main\AndroidManifest.xml:9:11-37
	android:targetSdkVersion
		ADDED from src\main\AndroidManifest.xml:8:11-40
		INJECTED from src\main\AndroidManifest.xml
		INJECTED from src\main\AndroidManifest.xml
	android:minSdkVersion
		ADDED from src\main\AndroidManifest.xml:7:16-42
		INJECTED from src\main\AndroidManifest.xml
		INJECTED from src\main\AndroidManifest.xml
uses-permission#android.permission.INTERNET
ADDED from src\main\AndroidManifest.xml:11:5-67
	android:name
		ADDED from src\main\AndroidManifest.xml:11:22-64
uses-permission#android.permission.WRITE_EXTERNAL_STORAGE
ADDED from src\main\AndroidManifest.xml:12:5-80
	android:name
		ADDED from src\main\AndroidManifest.xml:12:22-78
uses-permission#android.permission.ACCESS_NETWORK_STATE
ADDED from src\main\AndroidManifest.xml:14:5-78
	android:name
		ADDED from src\main\AndroidManifest.xml:14:22-76
application
ADDED from src\main\AndroidManifest.xml:16:5-49:19
	android:label
		ADDED from src\main\AndroidManifest.xml:17:18-50
	android:hardwareAccelerated
		ADDED from src\main\AndroidManifest.xml:18:18-52
	android:theme
		ADDED from src\main\AndroidManifest.xml:19:18-60
	android:name
		ADDED from src\main\AndroidManifest.xml:16:18-46
activity#edu.upc.whatsapp.a_WelcomeActivity
ADDED from src\main\AndroidManifest.xml:21:9-27:20
	android:label
		ADDED from src\main\AndroidManifest.xml:22:19-51
	android:name
		ADDED from src\main\AndroidManifest.xml:21:19-52
intent-filter#action:name:android.intent.action.MAIN+category:name:android.intent.category.LAUNCHER
ADDED from src\main\AndroidManifest.xml:23:13-26:29
action#android.intent.action.MAIN
ADDED from src\main\AndroidManifest.xml:24:17-69
	android:name
		ADDED from src\main\AndroidManifest.xml:24:25-66
category#android.intent.category.LAUNCHER
ADDED from src\main\AndroidManifest.xml:25:17-77
	android:name
		ADDED from src\main\AndroidManifest.xml:25:27-74
activity#edu.upc.whatsapp.b_LoginActivity
ADDED from src\main\AndroidManifest.xml:29:9-33:20
	android:screenOrientation
		ADDED from src\main\AndroidManifest.xml:30:19-55
	android:label
		ADDED from src\main\AndroidManifest.xml:32:19-45
	android:theme
		ADDED from src\main\AndroidManifest.xml:31:19-62
	android:name
		ADDED from src\main\AndroidManifest.xml:29:19-49
activity#edu.upc.whatsapp.c_RegistrationActivity
ADDED from src\main\AndroidManifest.xml:34:9-38:20
	android:screenOrientation
		ADDED from src\main\AndroidManifest.xml:35:19-55
	android:label
		ADDED from src\main\AndroidManifest.xml:36:19-47
	android:windowSoftInputMode
		ADDED from src\main\AndroidManifest.xml:37:19-60
	android:name
		ADDED from src\main\AndroidManifest.xml:34:19-56
activity#edu.upc.whatsapp.d_UsersListActivity
ADDED from src\main\AndroidManifest.xml:39:9-41:20
	android:label
		ADDED from src\main\AndroidManifest.xml:40:19-45
	android:name
		ADDED from src\main\AndroidManifest.xml:39:19-53
activity#edu.upc.whatsapp.e_MessagesActivity
ADDED from src\main\AndroidManifest.xml:42:9-45:20
	android:label
		ADDED from src\main\AndroidManifest.xml:43:19-43
	android:windowSoftInputMode
		ADDED from src\main\AndroidManifest.xml:44:19-60
	android:name
		ADDED from src\main\AndroidManifest.xml:42:19-53
service#edu.upc.whatsapp.service.PushService
ADDED from src\main\AndroidManifest.xml:47:9-56
	android:name
		ADDED from src\main\AndroidManifest.xml:47:18-53